{"C:\\Users\\leopa\\Desktop\\EIP\\website-lpdev\\src\\Pages\\GenerateLinkPro.tsx": {"path":"C:\\Users\\leopa\\Desktop\\EIP\\website-lpdev\\src\\Pages\\GenerateLinkPro.tsx","statementMap":{"0":{"start":{"line":1,"column":0},"end":{"line":1,"column":41}},"1":{"start":{"line":2,"column":0},"end":{"line":2,"column":22}},"2":{"start":{"line":3,"column":0},"end":{"line":3,"column":36}},"3":{"start":{"line":4,"column":0},"end":{"line":4,"column":38}},"4":{"start":{"line":5,"column":0},"end":{"line":5,"column":60}},"5":{"start":{"line":6,"column":0},"end":{"line":6,"column":26}},"6":{"start":{"line":7,"column":0},"end":{"line":7,"column":33}},"7":{"start":{"line":10,"column":19},"end":{"line":10,"column":32}},"8":{"start":{"line":11,"column":28},"end":{"line":11,"column":48}},"9":{"start":{"line":12,"column":26},"end":{"line":12,"column":46}},"10":{"start":{"line":13,"column":15},"end":{"line":13,"column":28}},"11":{"start":{"line":14,"column":19},"end":{"line":14,"column":36}},"12":{"start":{"line":16,"column":2},"end":{"line":20,"column":null}},"13":{"start":{"line":17,"column":4},"end":{"line":19,"column":null}},"14":{"start":{"line":18,"column":6},"end":{"line":18,"column":null}},"15":{"start":{"line":22,"column":23},"end":{"line":44,"column":3}},"16":{"start":{"line":23,"column":4},"end":{"line":23,"column":27}},"17":{"start":{"line":24,"column":4},"end":{"line":24,"column":43}},"18":{"start":{"line":25,"column":4},"end":{"line":25,"column":23}},"19":{"start":{"line":26,"column":4},"end":{"line":43,"column":7}},"20":{"start":{"line":33,"column":6},"end":{"line":33,"column":25}},"21":{"start":{"line":34,"column":6},"end":{"line":34,"column":28}},"22":{"start":{"line":35,"column":6},"end":{"line":37,"column":null}},"23":{"start":{"line":36,"column":8},"end":{"line":36,"column":31}},"24":{"start":{"line":39,"column":6},"end":{"line":39,"column":25}},"25":{"start":{"line":40,"column":6},"end":{"line":42,"column":null}},"26":{"start":{"line":41,"column":8},"end":{"line":41,"column":80}},"27":{"start":{"line":46,"column":2},"end":{"line":102,"column":4}},"28":{"start":{"line":90,"column":145},"end":{"line":90,"column":170}},"29":{"start":{"line":97,"column":10},"end":{"line":97,"column":null}},"30":{"start":{"line":98,"column":10},"end":{"line":98,"column":null}},"31":{"start":{"line":105,"column":0},"end":{"line":105,"column":31}}},"fnMap":{"0":{"name":"GenerateLinkPro","decl":{"start":{"line":9,"column":9},"end":{"line":9,"column":24}},"loc":{"start":{"line":9,"column":24},"end":{"line":103,"column":1}}},"1":{"name":"(anonymous_1)","decl":{"start":{"line":16,"column":12},"end":{"line":16,"column":15}},"loc":{"start":{"line":16,"column":17},"end":{"line":20,"column":3}}},"2":{"name":"(anonymous_2)","decl":{"start":{"line":22,"column":23},"end":{"line":22,"column":24}},"loc":{"start":{"line":22,"column":73},"end":{"line":44,"column":3}}},"3":{"name":"(anonymous_3)","decl":{"start":{"line":32,"column":12},"end":{"line":32,"column":13}},"loc":{"start":{"line":32,"column":25},"end":{"line":38,"column":5}}},"4":{"name":"(anonymous_4)","decl":{"start":{"line":38,"column":13},"end":{"line":38,"column":14}},"loc":{"start":{"line":38,"column":23},"end":{"line":43,"column":5}}},"5":{"name":"(anonymous_5)","decl":{"start":{"line":90,"column":132},"end":{"line":90,"column":133}},"loc":{"start":{"line":90,"column":142},"end":{"line":90,"column":171}}},"6":{"name":"(anonymous_6)","decl":{"start":{"line":96,"column":210},"end":{"line":96,"column":213}},"loc":{"start":{"line":96,"column":215},"end":{"line":99,"column":9}}}},"branchMap":{"0":{"loc":{"start":{"line":17,"column":4},"end":{"line":19,"column":null}},"type":"if","locations":[{"start":{"line":17,"column":4},"end":{"line":19,"column":null}}]},"1":{"loc":{"start":{"line":17,"column":8},"end":{"line":17,"column":30}},"type":"binary-expr","locations":[{"start":{"line":17,"column":8},"end":{"line":17,"column":14}},{"start":{"line":17,"column":18},"end":{"line":17,"column":30}}]},"2":{"loc":{"start":{"line":35,"column":6},"end":{"line":37,"column":null}},"type":"if","locations":[{"start":{"line":35,"column":6},"end":{"line":37,"column":null}}]},"3":{"loc":{"start":{"line":40,"column":6},"end":{"line":42,"column":null}},"type":"if","locations":[{"start":{"line":40,"column":6},"end":{"line":42,"column":null}}]}},"s":{"0":1,"1":1,"2":1,"3":1,"4":1,"5":1,"6":1,"7":3,"8":3,"9":3,"10":3,"11":3,"12":3,"13":2,"14":2,"15":3,"16":0,"17":0,"18":0,"19":0,"20":0,"21":0,"22":0,"23":0,"24":0,"25":0,"26":0,"27":3,"28":0,"29":0,"30":0,"31":1},"f":{"0":3,"1":2,"2":0,"3":0,"4":0,"5":0,"6":0},"b":{"0":[2],"1":[2,0],"2":[0],"3":[0]}}
,"C:\\Users\\leopa\\Desktop\\EIP\\website-lpdev\\src\\Pages\\HomePatient.tsx": {"path":"C:\\Users\\leopa\\Desktop\\EIP\\website-lpdev\\src\\Pages\\HomePatient.tsx","statementMap":{"0":{"start":{"line":1,"column":0},"end":{"line":1,"column":47}},"1":{"start":{"line":2,"column":0},"end":{"line":2,"column":36}},"2":{"start":{"line":3,"column":0},"end":{"line":3,"column":20}},"3":{"start":{"line":13,"column":19},"end":{"line":13,"column":32}},"4":{"start":{"line":14,"column":28},"end":{"line":26,"column":null}},"5":{"start":{"line":28,"column":2},"end":{"line":69,"column":6}},"6":{"start":{"line":53,"column":12},"end":{"line":53,"column":null}},"7":{"start":{"line":62,"column":14},"end":{"line":62,"column":35}},"8":{"start":{"line":72,"column":0},"end":{"line":72,"column":null}}},"fnMap":{"0":{"name":"HomePatient","decl":{"start":{"line":12,"column":9},"end":{"line":12,"column":20}},"loc":{"start":{"line":12,"column":20},"end":{"line":70,"column":1}}},"1":{"name":"(anonymous_1)","decl":{"start":{"line":52,"column":24},"end":{"line":52,"column":25}},"loc":{"start":{"line":53,"column":12},"end":{"line":53,"column":null}}},"2":{"name":"(anonymous_2)","decl":{"start":{"line":61,"column":56},"end":{"line":61,"column":59}},"loc":{"start":{"line":61,"column":61},"end":{"line":62,"column":36}}}},"branchMap":{},"s":{"0":1,"1":1,"2":1,"3":1,"4":1,"5":1,"6":2,"7":0,"8":1},"f":{"0":1,"1":2,"2":0},"b":{}}
,"C:\\Users\\leopa\\Desktop\\EIP\\website-lpdev\\src\\Pages\\Login.tsx": {"path":"C:\\Users\\leopa\\Desktop\\EIP\\website-lpdev\\src\\Pages\\Login.tsx","statementMap":{"0":{"start":{"line":2,"column":0},"end":{"line":2,"column":22}},"1":{"start":{"line":3,"column":0},"end":{"line":3,"column":36}},"2":{"start":{"line":4,"column":0},"end":{"line":4,"column":38}},"3":{"start":{"line":5,"column":0},"end":{"line":5,"column":47}},"4":{"start":{"line":6,"column":0},"end":{"line":6,"column":26}},"5":{"start":{"line":7,"column":0},"end":{"line":7,"column":33}},"6":{"start":{"line":15,"column":38},"end":{"line":18,"column":2}},"7":{"start":{"line":21,"column":19},"end":{"line":21,"column":32}},"8":{"start":{"line":22,"column":38},"end":{"line":22,"column":77}},"9":{"start":{"line":24,"column":28},"end":{"line":30,"column":3}},"10":{"start":{"line":25,"column":28},"end":{"line":25,"column":40}},"11":{"start":{"line":26,"column":4},"end":{"line":29,"column":7}},"12":{"start":{"line":32,"column":23},"end":{"line":58,"column":3}},"13":{"start":{"line":33,"column":4},"end":{"line":33,"column":27}},"14":{"start":{"line":34,"column":4},"end":{"line":37,"column":null}},"15":{"start":{"line":35,"column":6},"end":{"line":35,"column":42}},"16":{"start":{"line":36,"column":6},"end":{"line":36,"column":13}},"17":{"start":{"line":38,"column":4},"end":{"line":56,"column":7}},"18":{"start":{"line":44,"column":6},"end":{"line":48,"column":null}},"19":{"start":{"line":45,"column":8},"end":{"line":45,"column":40}},"20":{"start":{"line":46,"column":8},"end":{"line":46,"column":60}},"21":{"start":{"line":47,"column":8},"end":{"line":47,"column":null}},"22":{"start":{"line":50,"column":6},"end":{"line":52,"column":null}},"23":{"start":{"line":51,"column":8},"end":{"line":51,"column":30}},"24":{"start":{"line":53,"column":6},"end":{"line":55,"column":null}},"25":{"start":{"line":54,"column":8},"end":{"line":54,"column":30}},"26":{"start":{"line":57,"column":4},"end":{"line":57,"column":37}},"27":{"start":{"line":60,"column":2},"end":{"line":115,"column":4}},"28":{"start":{"line":118,"column":0},"end":{"line":118,"column":25}}},"fnMap":{"0":{"name":"LoginPage","decl":{"start":{"line":20,"column":9},"end":{"line":20,"column":18}},"loc":{"start":{"line":20,"column":18},"end":{"line":116,"column":1}}},"1":{"name":"(anonymous_1)","decl":{"start":{"line":24,"column":28},"end":{"line":24,"column":29}},"loc":{"start":{"line":24,"column":81},"end":{"line":30,"column":3}}},"2":{"name":"(anonymous_2)","decl":{"start":{"line":32,"column":23},"end":{"line":32,"column":24}},"loc":{"start":{"line":32,"column":73},"end":{"line":58,"column":3}}},"3":{"name":"(anonymous_3)","decl":{"start":{"line":43,"column":11},"end":{"line":43,"column":12}},"loc":{"start":{"line":43,"column":24},"end":{"line":49,"column":5}}},"4":{"name":"(anonymous_4)","decl":{"start":{"line":49,"column":13},"end":{"line":49,"column":14}},"loc":{"start":{"line":49,"column":23},"end":{"line":56,"column":5}}}},"branchMap":{"0":{"loc":{"start":{"line":34,"column":4},"end":{"line":37,"column":null}},"type":"if","locations":[{"start":{"line":34,"column":4},"end":{"line":37,"column":null}}]},"1":{"loc":{"start":{"line":34,"column":8},"end":{"line":34,"column":49}},"type":"binary-expr","locations":[{"start":{"line":34,"column":8},"end":{"line":34,"column":28}},{"start":{"line":34,"column":32},"end":{"line":34,"column":49}}]},"2":{"loc":{"start":{"line":44,"column":6},"end":{"line":48,"column":null}},"type":"if","locations":[{"start":{"line":44,"column":6},"end":{"line":48,"column":null}}]},"3":{"loc":{"start":{"line":50,"column":6},"end":{"line":52,"column":null}},"type":"if","locations":[{"start":{"line":50,"column":6},"end":{"line":52,"column":null}}]},"4":{"loc":{"start":{"line":53,"column":6},"end":{"line":55,"column":null}},"type":"if","locations":[{"start":{"line":53,"column":6},"end":{"line":55,"column":null}}]}},"s":{"0":1,"1":1,"2":1,"3":1,"4":1,"5":1,"6":1,"7":1,"8":1,"9":1,"10":0,"11":0,"12":1,"13":0,"14":0,"15":0,"16":0,"17":0,"18":0,"19":0,"20":0,"21":0,"22":0,"23":0,"24":0,"25":0,"26":0,"27":1,"28":1},"f":{"0":1,"1":0,"2":0,"3":0,"4":0},"b":{"0":[0],"1":[0,0],"2":[0],"3":[0],"4":[0]}}
,"C:\\Users\\leopa\\Desktop\\EIP\\website-lpdev\\src\\components\\Box.tsx": {"path":"C:\\Users\\leopa\\Desktop\\EIP\\website-lpdev\\src\\components\\Box.tsx","statementMap":{"0":{"start":{"line":17,"column":32},"end":{"line":18,"column":null}},"1":{"start":{"line":18,"column":2},"end":{"line":18,"column":43}},"2":{"start":{"line":21,"column":0},"end":{"line":21,"column":19}}},"fnMap":{"0":{"name":"(anonymous_0)","decl":{"start":{"line":17,"column":32},"end":{"line":17,"column":33}},"loc":{"start":{"line":18,"column":2},"end":{"line":18,"column":43}}}},"branchMap":{},"s":{"0":3,"1":80,"2":3},"f":{"0":80},"b":{}}
,"C:\\Users\\leopa\\Desktop\\EIP\\website-lpdev\\src\\components\\Card.tsx": {"path":"C:\\Users\\leopa\\Desktop\\EIP\\website-lpdev\\src\\components\\Card.tsx","statementMap":{"0":{"start":{"line":15,"column":34},"end":{"line":33,"column":1}},"1":{"start":{"line":16,"column":4},"end":{"line":32,"column":6}},"2":{"start":{"line":34,"column":0},"end":{"line":34,"column":20}}},"fnMap":{"0":{"name":"(anonymous_0)","decl":{"start":{"line":15,"column":34},"end":{"line":15,"column":35}},"loc":{"start":{"line":15,"column":102},"end":{"line":33,"column":1}}}},"branchMap":{"0":{"loc":{"start":{"line":19,"column":27},"end":{"line":19,"column":52}},"type":"binary-expr","locations":[{"start":{"line":19,"column":27},"end":{"line":19,"column":42}},{"start":{"line":19,"column":46},"end":{"line":19,"column":52}}]},"1":{"loc":{"start":{"line":23,"column":17},"end":{"line":23,"column":32}},"type":"binary-expr","locations":[{"start":{"line":23,"column":17},"end":{"line":23,"column":22}},{"start":{"line":23,"column":26},"end":{"line":23,"column":32}}]},"2":{"loc":{"start":{"line":24,"column":18},"end":{"line":24,"column":34}},"type":"binary-expr","locations":[{"start":{"line":24,"column":18},"end":{"line":24,"column":24}},{"start":{"line":24,"column":28},"end":{"line":24,"column":34}}]},"3":{"loc":{"start":{"line":25,"column":20},"end":{"line":25,"column":42}},"type":"binary-expr","locations":[{"start":{"line":25,"column":20},"end":{"line":25,"column":28}},{"start":{"line":25,"column":32},"end":{"line":25,"column":42}}]},"4":{"loc":{"start":{"line":26,"column":15},"end":{"line":26,"column":23}},"type":"binary-expr","locations":[{"start":{"line":26,"column":15},"end":{"line":26,"column":18}},{"start":{"line":26,"column":22},"end":{"line":26,"column":23}}]},"5":{"loc":{"start":{"line":27,"column":16},"end":{"line":27,"column":25}},"type":"binary-expr","locations":[{"start":{"line":27,"column":16},"end":{"line":27,"column":20}},{"start":{"line":27,"column":24},"end":{"line":27,"column":25}}]}},"s":{"0":2,"1":4,"2":2},"f":{"0":4},"b":{"0":[4,0],"1":[4,0],"2":[4,0],"3":[4,0],"4":[4,0],"5":[4,0]}}
}
