TN:
SF:src\Pages\GenerateLinkPro.tsx
FN:9,GenerateLinkPro
FN:16,(anonymous_1)
FN:22,(anonymous_2)
FN:32,(anonymous_3)
FN:38,(anonymous_4)
FN:90,(anonymous_5)
FN:96,(anonymous_6)
FNF:7
FNH:2
FNDA:3,GenerateLinkPro
FNDA:2,(anonymous_1)
FNDA:0,(anonymous_2)
FNDA:0,(anonymous_3)
FNDA:0,(anonymous_4)
FNDA:0,(anonymous_5)
FNDA:0,(anonymous_6)
DA:1,1
DA:2,1
DA:3,1
DA:4,1
DA:5,1
DA:6,1
DA:7,1
DA:10,3
DA:11,3
DA:12,3
DA:13,3
DA:14,3
DA:16,3
DA:17,2
DA:18,2
DA:22,3
DA:23,0
DA:24,0
DA:25,0
DA:26,0
DA:33,0
DA:34,0
DA:35,0
DA:36,0
DA:39,0
DA:40,0
DA:41,0
DA:46,3
DA:90,0
DA:97,0
DA:98,0
DA:105,1
LF:32
LH:18
BRDA:17,0,0,2
BRDA:17,1,0,2
BRDA:17,1,1,0
BRDA:35,2,0,0
BRDA:40,3,0,0
BRF:5
BRH:2
end_of_record
TN:
SF:src\Pages\HomePatient.tsx
FN:12,HomePatient
FN:52,(anonymous_1)
FN:61,(anonymous_2)
FNF:3
FNH:2
FNDA:1,HomePatient
FNDA:2,(anonymous_1)
FNDA:0,(anonymous_2)
DA:1,1
DA:2,1
DA:3,1
DA:13,1
DA:14,1
DA:28,1
DA:53,2
DA:62,0
DA:72,1
LF:9
LH:8
BRF:0
BRH:0
end_of_record
TN:
SF:src\Pages\Login.tsx
FN:20,LoginPage
FN:24,(anonymous_1)
FN:32,(anonymous_2)
FN:43,(anonymous_3)
FN:49,(anonymous_4)
FNF:5
FNH:1
FNDA:1,LoginPage
FNDA:0,(anonymous_1)
FNDA:0,(anonymous_2)
FNDA:0,(anonymous_3)
FNDA:0,(anonymous_4)
DA:2,1
DA:3,1
DA:4,1
DA:5,1
DA:6,1
DA:7,1
DA:15,1
DA:21,1
DA:22,1
DA:24,1
DA:25,0
DA:26,0
DA:32,1
DA:33,0
DA:34,0
DA:35,0
DA:36,0
DA:38,0
DA:44,0
DA:45,0
DA:46,0
DA:47,0
DA:50,0
DA:51,0
DA:53,0
DA:54,0
DA:57,0
DA:60,1
DA:118,1
LF:29
LH:13
BRDA:34,0,0,0
BRDA:34,1,0,0
BRDA:34,1,1,0
BRDA:44,2,0,0
BRDA:50,3,0,0
BRDA:53,4,0,0
BRF:6
BRH:0
end_of_record
TN:
SF:src\components\Box.tsx
FN:17,(anonymous_0)
FNF:1
FNH:1
FNDA:80,(anonymous_0)
DA:17,3
DA:18,80
DA:21,3
LF:3
LH:3
BRF:0
BRH:0
end_of_record
TN:
SF:src\components\Card.tsx
FN:15,(anonymous_0)
FNF:1
FNH:1
FNDA:4,(anonymous_0)
DA:15,2
DA:16,4
DA:34,2
LF:3
LH:3
BRDA:19,0,0,4
BRDA:19,0,1,0
BRDA:23,1,0,4
BRDA:23,1,1,0
BRDA:24,2,0,4
BRDA:24,2,1,0
BRDA:25,3,0,4
BRDA:25,3,1,0
BRDA:26,4,0,4
BRDA:26,4,1,0
BRDA:27,5,0,4
BRDA:27,5,1,0
BRF:12
BRH:6
end_of_record
